<?xml version="1.0" encoding="UTF-8"?>
<testsuite name="org.apache.pdfbox.pdmodel.common.function.type4.TestOperators" time="0.009" tests="40" errors="0" skipped="0" failures="0">
  <properties>
    <property name="java.runtime.name" value="Java(TM) SE Runtime Environment"/>
    <property name="sun.boot.library.path" value="/zfs/jvm/jdk1.6.0_45/jre/lib/amd64"/>
    <property name="java.vm.version" value="20.45-b01"/>
    <property name="java.vm.vendor" value="Sun Microsystems Inc."/>
    <property name="java.vendor.url" value="http://java.sun.com/"/>
    <property name="path.separator" value=":"/>
    <property name="java.vm.name" value="Java HotSpot(TM) 64-Bit Server VM"/>
    <property name="file.encoding.pkg" value="sun.io"/>
    <property name="user.country" value="DE"/>
    <property name="sun.java.launcher" value="SUN_STANDARD"/>
    <property name="sun.os.patch.level" value="unknown"/>
    <property name="java.vm.specification.name" value="Java Virtual Machine Specification"/>
    <property name="user.dir" value="/zfs/repos/git/anti43-pdfbox"/>
    <property name="java.runtime.version" value="1.6.0_45-b06"/>
    <property name="java.awt.graphicsenv" value="sun.awt.X11GraphicsEnvironment"/>
    <property name="java.endorsed.dirs" value="/zfs/jvm/jdk1.6.0_45/jre/lib/endorsed"/>
    <property name="os.arch" value="amd64"/>
    <property name="java.io.tmpdir" value="/tmp"/>
    <property name="line.separator" value="&#10;"/>
    <property name="java.vm.specification.vendor" value="Sun Microsystems Inc."/>
    <property name="os.name" value="Linux"/>
    <property name="classworlds.conf" value="/usr/share/maven2/bin/m2.conf"/>
    <property name="sun.jnu.encoding" value="UTF-8"/>
    <property name="java.library.path" value="/zfs/jvm/jdk1.6.0_45/jre/lib/amd64/server:/zfs/jvm/jdk1.6.0_45/jre/lib/amd64:/zfs/jvm/jdk1.6.0_45/jre/../lib/amd64:/usr/java/packages/lib/amd64:/usr/lib64:/lib64:/lib:/usr/lib"/>
    <property name="java.specification.name" value="Java Platform API Specification"/>
    <property name="java.class.version" value="50.0"/>
    <property name="sun.management.compiler" value="HotSpot 64-Bit Tiered Compilers"/>
    <property name="os.version" value="3.13.0-30-generic"/>
    <property name="user.home" value="/home/patric"/>
    <property name="user.timezone" value="Europe/Luxembourg"/>
    <property name="java.awt.printerjob" value="sun.print.PSPrinterJob"/>
    <property name="file.encoding" value="UTF-8"/>
    <property name="java.specification.version" value="1.6"/>
    <property name="user.name" value="patric"/>
    <property name="java.class.path" value="/usr/share/maven2/boot/classworlds.jar"/>
    <property name="java.vm.specification.version" value="1.0"/>
    <property name="sun.arch.data.model" value="64"/>
    <property name="java.home" value="/zfs/jvm/jdk1.6.0_45/jre"/>
    <property name="sun.java.command" value="org.codehaus.classworlds.Launcher &quot;install&quot;"/>
    <property name="java.specification.vendor" value="Sun Microsystems Inc."/>
    <property name="user.language" value="de"/>
    <property name="java.vm.info" value="mixed mode"/>
    <property name="java.version" value="1.6.0_45"/>
    <property name="java.ext.dirs" value="/zfs/jvm/jdk1.6.0_45/jre/lib/ext:/usr/java/packages/lib/ext"/>
    <property name="securerandom.source" value="file:/dev/./urandom"/>
    <property name="sun.boot.class.path" value="/zfs/jvm/jdk1.6.0_45/jre/lib/resources.jar:/zfs/jvm/jdk1.6.0_45/jre/lib/rt.jar:/zfs/jvm/jdk1.6.0_45/jre/lib/sunrsasign.jar:/zfs/jvm/jdk1.6.0_45/jre/lib/jsse.jar:/zfs/jvm/jdk1.6.0_45/jre/lib/jce.jar:/zfs/jvm/jdk1.6.0_45/jre/lib/charsets.jar:/zfs/jvm/jdk1.6.0_45/jre/lib/modules/jdk.boot.jar:/zfs/jvm/jdk1.6.0_45/jre/classes"/>
    <property name="java.vendor" value="Sun Microsystems Inc."/>
    <property name="maven.home" value="/usr/share/maven2"/>
    <property name="file.separator" value="/"/>
    <property name="java.vendor.url.bug" value="http://java.sun.com/cgi-bin/bugreport.cgi"/>
    <property name="sun.cpu.endian" value="little"/>
    <property name="sun.io.unicode.encoding" value="UnicodeLittle"/>
    <property name="sun.desktop" value="gnome"/>
    <property name="sun.cpu.isalist" value=""/>
  </properties>
  <testcase name="testTruncate" classname="org.apache.pdfbox.pdmodel.common.function.type4.TestOperators" time="0"/>
  <testcase name="testAbs" classname="org.apache.pdfbox.pdmodel.common.function.type4.TestOperators" time="0"/>
  <testcase name="testAdd" classname="org.apache.pdfbox.pdmodel.common.function.type4.TestOperators" time="0"/>
  <testcase name="testAnd" classname="org.apache.pdfbox.pdmodel.common.function.type4.TestOperators" time="0"/>
  <testcase name="testCos" classname="org.apache.pdfbox.pdmodel.common.function.type4.TestOperators" time="0"/>
  <testcase name="testCvi" classname="org.apache.pdfbox.pdmodel.common.function.type4.TestOperators" time="0"/>
  <testcase name="testCvr" classname="org.apache.pdfbox.pdmodel.common.function.type4.TestOperators" time="0"/>
  <testcase name="testDiv" classname="org.apache.pdfbox.pdmodel.common.function.type4.TestOperators" time="0"/>
  <testcase name="testDup" classname="org.apache.pdfbox.pdmodel.common.function.type4.TestOperators" time="0.001"/>
  <testcase name="testExp" classname="org.apache.pdfbox.pdmodel.common.function.type4.TestOperators" time="0"/>
  <testcase name="testLog" classname="org.apache.pdfbox.pdmodel.common.function.type4.TestOperators" time="0"/>
  <testcase name="testMod" classname="org.apache.pdfbox.pdmodel.common.function.type4.TestOperators" time="0.001"/>
  <testcase name="testMul" classname="org.apache.pdfbox.pdmodel.common.function.type4.TestOperators" time="0"/>
  <testcase name="testNeg" classname="org.apache.pdfbox.pdmodel.common.function.type4.TestOperators" time="0"/>
  <testcase name="testNot" classname="org.apache.pdfbox.pdmodel.common.function.type4.TestOperators" time="0"/>
  <testcase name="testPop" classname="org.apache.pdfbox.pdmodel.common.function.type4.TestOperators" time="0.001"/>
  <testcase name="testSin" classname="org.apache.pdfbox.pdmodel.common.function.type4.TestOperators" time="0"/>
  <testcase name="testSub" classname="org.apache.pdfbox.pdmodel.common.function.type4.TestOperators" time="0"/>
  <testcase name="testXor" classname="org.apache.pdfbox.pdmodel.common.function.type4.TestOperators" time="0"/>
  <testcase name="testFloor" classname="org.apache.pdfbox.pdmodel.common.function.type4.TestOperators" time="0.001"/>
  <testcase name="testIndex" classname="org.apache.pdfbox.pdmodel.common.function.type4.TestOperators" time="0"/>
  <testcase name="testRound" classname="org.apache.pdfbox.pdmodel.common.function.type4.TestOperators" time="0"/>
  <testcase name="testAtan" classname="org.apache.pdfbox.pdmodel.common.function.type4.TestOperators" time="0"/>
  <testcase name="testCopy" classname="org.apache.pdfbox.pdmodel.common.function.type4.TestOperators" time="0.001"/>
  <testcase name="testExch" classname="org.apache.pdfbox.pdmodel.common.function.type4.TestOperators" time="0"/>
  <testcase name="testIDiv" classname="org.apache.pdfbox.pdmodel.common.function.type4.TestOperators" time="0"/>
  <testcase name="testRoll" classname="org.apache.pdfbox.pdmodel.common.function.type4.TestOperators" time="0.001"/>
  <testcase name="testSqrt" classname="org.apache.pdfbox.pdmodel.common.function.type4.TestOperators" time="0"/>
  <testcase name="testEq" classname="org.apache.pdfbox.pdmodel.common.function.type4.TestOperators" time="0"/>
  <testcase name="testGe" classname="org.apache.pdfbox.pdmodel.common.function.type4.TestOperators" time="0"/>
  <testcase name="testGt" classname="org.apache.pdfbox.pdmodel.common.function.type4.TestOperators" time="0.001"/>
  <testcase name="testIf" classname="org.apache.pdfbox.pdmodel.common.function.type4.TestOperators" time="0"/>
  <testcase name="testLe" classname="org.apache.pdfbox.pdmodel.common.function.type4.TestOperators" time="0"/>
  <testcase name="testLn" classname="org.apache.pdfbox.pdmodel.common.function.type4.TestOperators" time="0"/>
  <testcase name="testLt" classname="org.apache.pdfbox.pdmodel.common.function.type4.TestOperators" time="0.001"/>
  <testcase name="testNe" classname="org.apache.pdfbox.pdmodel.common.function.type4.TestOperators" time="0"/>
  <testcase name="testOr" classname="org.apache.pdfbox.pdmodel.common.function.type4.TestOperators" time="0"/>
  <testcase name="testCeiling" classname="org.apache.pdfbox.pdmodel.common.function.type4.TestOperators" time="0.001"/>
  <testcase name="testIfElse" classname="org.apache.pdfbox.pdmodel.common.function.type4.TestOperators" time="0"/>
  <testcase name="testBitshift" classname="org.apache.pdfbox.pdmodel.common.function.type4.TestOperators" time="0"/>
</testsuite>