<?xml version="1.0" encoding="UTF-8"?>
<testsuite name="org.apache.xmpbox.TestValidatePermitedMetadata" time="1.265" tests="167" errors="0" skipped="0" failures="0">
  <properties>
    <property name="java.runtime.name" value="Java(TM) SE Runtime Environment"/>
    <property name="sun.boot.library.path" value="/zfs/jvm/jdk1.6.0_45/jre/lib/amd64"/>
    <property name="java.vm.version" value="20.45-b01"/>
    <property name="java.vm.vendor" value="Sun Microsystems Inc."/>
    <property name="java.vendor.url" value="http://java.sun.com/"/>
    <property name="path.separator" value=":"/>
    <property name="java.vm.name" value="Java HotSpot(TM) 64-Bit Server VM"/>
    <property name="file.encoding.pkg" value="sun.io"/>
    <property name="user.country" value="DE"/>
    <property name="sun.java.launcher" value="SUN_STANDARD"/>
    <property name="sun.os.patch.level" value="unknown"/>
    <property name="java.vm.specification.name" value="Java Virtual Machine Specification"/>
    <property name="user.dir" value="/zfs/repos/git/anti43-pdfbox"/>
    <property name="java.runtime.version" value="1.6.0_45-b06"/>
    <property name="java.awt.graphicsenv" value="sun.awt.X11GraphicsEnvironment"/>
    <property name="java.endorsed.dirs" value="/zfs/jvm/jdk1.6.0_45/jre/lib/endorsed"/>
    <property name="os.arch" value="amd64"/>
    <property name="java.io.tmpdir" value="/tmp"/>
    <property name="line.separator" value="&#10;"/>
    <property name="java.vm.specification.vendor" value="Sun Microsystems Inc."/>
    <property name="os.name" value="Linux"/>
    <property name="classworlds.conf" value="/usr/share/maven2/bin/m2.conf"/>
    <property name="sun.jnu.encoding" value="UTF-8"/>
    <property name="java.library.path" value="/zfs/jvm/jdk1.6.0_45/jre/lib/amd64/server:/zfs/jvm/jdk1.6.0_45/jre/lib/amd64:/zfs/jvm/jdk1.6.0_45/jre/../lib/amd64:/usr/java/packages/lib/amd64:/usr/lib64:/lib64:/lib:/usr/lib"/>
    <property name="java.specification.name" value="Java Platform API Specification"/>
    <property name="java.class.version" value="50.0"/>
    <property name="sun.management.compiler" value="HotSpot 64-Bit Tiered Compilers"/>
    <property name="os.version" value="3.13.0-30-generic"/>
    <property name="user.home" value="/home/patric"/>
    <property name="user.timezone" value="Europe/Luxembourg"/>
    <property name="java.awt.printerjob" value="sun.print.PSPrinterJob"/>
    <property name="file.encoding" value="UTF-8"/>
    <property name="java.specification.version" value="1.6"/>
    <property name="user.name" value="patric"/>
    <property name="java.class.path" value="/usr/share/maven2/boot/classworlds.jar"/>
    <property name="java.vm.specification.version" value="1.0"/>
    <property name="sun.arch.data.model" value="64"/>
    <property name="java.home" value="/zfs/jvm/jdk1.6.0_45/jre"/>
    <property name="sun.java.command" value="org.codehaus.classworlds.Launcher &quot;install&quot;"/>
    <property name="java.specification.vendor" value="Sun Microsystems Inc."/>
    <property name="user.language" value="de"/>
    <property name="java.vm.info" value="mixed mode"/>
    <property name="java.version" value="1.6.0_45"/>
    <property name="java.ext.dirs" value="/zfs/jvm/jdk1.6.0_45/jre/lib/ext:/usr/java/packages/lib/ext"/>
    <property name="securerandom.source" value="file:/dev/./urandom"/>
    <property name="sun.boot.class.path" value="/zfs/jvm/jdk1.6.0_45/jre/lib/resources.jar:/zfs/jvm/jdk1.6.0_45/jre/lib/rt.jar:/zfs/jvm/jdk1.6.0_45/jre/lib/sunrsasign.jar:/zfs/jvm/jdk1.6.0_45/jre/lib/jsse.jar:/zfs/jvm/jdk1.6.0_45/jre/lib/jce.jar:/zfs/jvm/jdk1.6.0_45/jre/lib/charsets.jar:/zfs/jvm/jdk1.6.0_45/jre/lib/modules/jdk.boot.jar:/zfs/jvm/jdk1.6.0_45/jre/classes"/>
    <property name="java.vendor" value="Sun Microsystems Inc."/>
    <property name="maven.home" value="/usr/share/maven2"/>
    <property name="file.separator" value="/"/>
    <property name="java.vendor.url.bug" value="http://java.sun.com/cgi-bin/bugreport.cgi"/>
    <property name="sun.cpu.endian" value="little"/>
    <property name="sun.io.unicode.encoding" value="UnicodeLittle"/>
    <property name="sun.desktop" value="gnome"/>
    <property name="sun.cpu.isalist" value=""/>
  </properties>
  <testcase name="checkExistence[http://purl.org/dc/elements/1.1/ dc contributor]" classname="org.apache.xmpbox.TestValidatePermitedMetadata" time="0.061"/>
  <testcase name="checkExistence[http://purl.org/dc/elements/1.1/ dc coverage]" classname="org.apache.xmpbox.TestValidatePermitedMetadata" time="0.039"/>
  <testcase name="checkExistence[http://purl.org/dc/elements/1.1/ dc creator]" classname="org.apache.xmpbox.TestValidatePermitedMetadata" time="0.028"/>
  <testcase name="checkExistence[http://purl.org/dc/elements/1.1/ dc date]" classname="org.apache.xmpbox.TestValidatePermitedMetadata" time="0.027"/>
  <testcase name="checkExistence[http://purl.org/dc/elements/1.1/ dc description]" classname="org.apache.xmpbox.TestValidatePermitedMetadata" time="0.026"/>
  <testcase name="checkExistence[http://purl.org/dc/elements/1.1/ dc format]" classname="org.apache.xmpbox.TestValidatePermitedMetadata" time="0.026"/>
  <testcase name="checkExistence[http://purl.org/dc/elements/1.1/ dc identifier]" classname="org.apache.xmpbox.TestValidatePermitedMetadata" time="0.025"/>
  <testcase name="checkExistence[http://purl.org/dc/elements/1.1/ dc language]" classname="org.apache.xmpbox.TestValidatePermitedMetadata" time="0.022"/>
  <testcase name="checkExistence[http://purl.org/dc/elements/1.1/ dc publisher]" classname="org.apache.xmpbox.TestValidatePermitedMetadata" time="0.022"/>
  <testcase name="checkExistence[http://purl.org/dc/elements/1.1/ dc relation]" classname="org.apache.xmpbox.TestValidatePermitedMetadata" time="0.026"/>
  <testcase name="checkExistence[http://purl.org/dc/elements/1.1/ dc rights]" classname="org.apache.xmpbox.TestValidatePermitedMetadata" time="0.022"/>
  <testcase name="checkExistence[http://purl.org/dc/elements/1.1/ dc source]" classname="org.apache.xmpbox.TestValidatePermitedMetadata" time="0.019"/>
  <testcase name="checkExistence[http://purl.org/dc/elements/1.1/ dc subject]" classname="org.apache.xmpbox.TestValidatePermitedMetadata" time="0.016"/>
  <testcase name="checkExistence[http://purl.org/dc/elements/1.1/ dc title]" classname="org.apache.xmpbox.TestValidatePermitedMetadata" time="0.015"/>
  <testcase name="checkExistence[http://purl.org/dc/elements/1.1/ dc type]" classname="org.apache.xmpbox.TestValidatePermitedMetadata" time="0.013"/>
  <testcase name="checkExistence[http://ns.adobe.com/xap/1.0/ xmp Advisory]" classname="org.apache.xmpbox.TestValidatePermitedMetadata" time="0.011"/>
  <testcase name="checkExistence[http://ns.adobe.com/xap/1.0/ xmp BaseURL]" classname="org.apache.xmpbox.TestValidatePermitedMetadata" time="0.01"/>
  <testcase name="checkExistence[http://ns.adobe.com/xap/1.0/ xmp CreateDate]" classname="org.apache.xmpbox.TestValidatePermitedMetadata" time="0.01"/>
  <testcase name="checkExistence[http://ns.adobe.com/xap/1.0/ xmp CreatorTool]" classname="org.apache.xmpbox.TestValidatePermitedMetadata" time="0.01"/>
  <testcase name="checkExistence[http://ns.adobe.com/xap/1.0/ xmp Identifier]" classname="org.apache.xmpbox.TestValidatePermitedMetadata" time="0.01"/>
  <testcase name="checkExistence[http://ns.adobe.com/xap/1.0/ xmp MetadataDate]" classname="org.apache.xmpbox.TestValidatePermitedMetadata" time="0.009"/>
  <testcase name="checkExistence[http://ns.adobe.com/xap/1.0/ xmp ModifierDate]" classname="org.apache.xmpbox.TestValidatePermitedMetadata" time="0.008"/>
  <testcase name="checkExistence[http://ns.adobe.com/xap/1.0/ xmp Nickname]" classname="org.apache.xmpbox.TestValidatePermitedMetadata" time="0.007"/>
  <testcase name="checkExistence[http://ns.adobe.com/xap/1.0/ xmp Thumbnails]" classname="org.apache.xmpbox.TestValidatePermitedMetadata" time="0.007"/>
  <testcase name="checkExistence[http://ns.adobe.com/xap/1.0/rights/ xmpRights Certificate]" classname="org.apache.xmpbox.TestValidatePermitedMetadata" time="0.007"/>
  <testcase name="checkExistence[http://ns.adobe.com/xap/1.0/rights/ xmpRights Marked]" classname="org.apache.xmpbox.TestValidatePermitedMetadata" time="0.005"/>
  <testcase name="checkExistence[http://ns.adobe.com/xap/1.0/rights/ xmpRights Owner]" classname="org.apache.xmpbox.TestValidatePermitedMetadata" time="0.005"/>
  <testcase name="checkExistence[http://ns.adobe.com/xap/1.0/rights/ xmpRights UsageTerms]" classname="org.apache.xmpbox.TestValidatePermitedMetadata" time="0.005"/>
  <testcase name="checkExistence[http://ns.adobe.com/xap/1.0/rights/ xmpRights WebStatement]" classname="org.apache.xmpbox.TestValidatePermitedMetadata" time="0.008"/>
  <testcase name="checkExistence[http://ns.adobe.com/xap/1.0/mm/ xmpMM DerivedFrom]" classname="org.apache.xmpbox.TestValidatePermitedMetadata" time="0.005"/>
  <testcase name="checkExistence[http://ns.adobe.com/xap/1.0/mm/ xmpMM DocumentID]" classname="org.apache.xmpbox.TestValidatePermitedMetadata" time="0.004"/>
  <testcase name="checkExistence[http://ns.adobe.com/xap/1.0/mm/ xmpMM History]" classname="org.apache.xmpbox.TestValidatePermitedMetadata" time="0.004"/>
  <testcase name="checkExistence[http://ns.adobe.com/xap/1.0/mm/ xmpMM ManagedFrom]" classname="org.apache.xmpbox.TestValidatePermitedMetadata" time="0.005"/>
  <testcase name="checkExistence[http://ns.adobe.com/xap/1.0/mm/ xmpMM Manager]" classname="org.apache.xmpbox.TestValidatePermitedMetadata" time="0.005"/>
  <testcase name="checkExistence[http://ns.adobe.com/xap/1.0/mm/ xmpMM ManageTo]" classname="org.apache.xmpbox.TestValidatePermitedMetadata" time="0.004"/>
  <testcase name="checkExistence[http://ns.adobe.com/xap/1.0/mm/ xmpMM ManageUI]" classname="org.apache.xmpbox.TestValidatePermitedMetadata" time="0.004"/>
  <testcase name="checkExistence[http://ns.adobe.com/xap/1.0/mm/ xmpMM ManagerVariant]" classname="org.apache.xmpbox.TestValidatePermitedMetadata" time="0.005"/>
  <testcase name="checkExistence[http://ns.adobe.com/xap/1.0/mm/ xmpMM RenditionClass]" classname="org.apache.xmpbox.TestValidatePermitedMetadata" time="0.005"/>
  <testcase name="checkExistence[http://ns.adobe.com/xap/1.0/mm/ xmpMM RenditionParams]" classname="org.apache.xmpbox.TestValidatePermitedMetadata" time="0.004"/>
  <testcase name="checkExistence[http://ns.adobe.com/xap/1.0/mm/ xmpMM VersionID]" classname="org.apache.xmpbox.TestValidatePermitedMetadata" time="0.005"/>
  <testcase name="checkExistence[http://ns.adobe.com/xap/1.0/mm/ xmpMM Versions]" classname="org.apache.xmpbox.TestValidatePermitedMetadata" time="0.004"/>
  <testcase name="checkExistence[http://ns.adobe.com/xap/1.0/mm/ xmpMM LastURL]" classname="org.apache.xmpbox.TestValidatePermitedMetadata" time="0.005"/>
  <testcase name="checkExistence[http://ns.adobe.com/xap/1.0/mm/ xmpMM RenditionOf]" classname="org.apache.xmpbox.TestValidatePermitedMetadata" time="0.004"/>
  <testcase name="checkExistence[http://ns.adobe.com/xap/1.0/mm/ xmpMM SaveID]" classname="org.apache.xmpbox.TestValidatePermitedMetadata" time="0.004"/>
  <testcase name="checkExistence[http://ns.adobe.com/xap/1.0/bj/ xmpBJ JobRef]" classname="org.apache.xmpbox.TestValidatePermitedMetadata" time="0.004"/>
  <testcase name="checkExistence[http://ns.adobe.com/pdf/1.3/ pdf Keywords]" classname="org.apache.xmpbox.TestValidatePermitedMetadata" time="0.005"/>
  <testcase name="checkExistence[http://ns.adobe.com/pdf/1.3/ pdf PDFVersion]" classname="org.apache.xmpbox.TestValidatePermitedMetadata" time="0.004"/>
  <testcase name="checkExistence[http://ns.adobe.com/pdf/1.3/ pdf Producer]" classname="org.apache.xmpbox.TestValidatePermitedMetadata" time="0.004"/>
  <testcase name="checkExistence[http://ns.adobe.com/xap/1.0/t/pg/ xmpTPg MaxPageSize]" classname="org.apache.xmpbox.TestValidatePermitedMetadata" time="0.005"/>
  <testcase name="checkExistence[http://ns.adobe.com/xap/1.0/t/pg/ xmpTPg NPages]" classname="org.apache.xmpbox.TestValidatePermitedMetadata" time="0.004"/>
  <testcase name="checkExistence[http://ns.adobe.com/photoshop/1.0/ photoshop AuthorsPosition]" classname="org.apache.xmpbox.TestValidatePermitedMetadata" time="0.005"/>
  <testcase name="checkExistence[http://ns.adobe.com/photoshop/1.0/ photoshop CaptionWriter]" classname="org.apache.xmpbox.TestValidatePermitedMetadata" time="0.004"/>
  <testcase name="checkExistence[http://ns.adobe.com/photoshop/1.0/ photoshop Category]" classname="org.apache.xmpbox.TestValidatePermitedMetadata" time="0.005"/>
  <testcase name="checkExistence[http://ns.adobe.com/photoshop/1.0/ photoshop City]" classname="org.apache.xmpbox.TestValidatePermitedMetadata" time="0.004"/>
  <testcase name="checkExistence[http://ns.adobe.com/photoshop/1.0/ photoshop Country]" classname="org.apache.xmpbox.TestValidatePermitedMetadata" time="0.004"/>
  <testcase name="checkExistence[http://ns.adobe.com/photoshop/1.0/ photoshop Credit]" classname="org.apache.xmpbox.TestValidatePermitedMetadata" time="0.004"/>
  <testcase name="checkExistence[http://ns.adobe.com/photoshop/1.0/ photoshop DateCreated]" classname="org.apache.xmpbox.TestValidatePermitedMetadata" time="0.004"/>
  <testcase name="checkExistence[http://ns.adobe.com/photoshop/1.0/ photoshop Headline]" classname="org.apache.xmpbox.TestValidatePermitedMetadata" time="0.005"/>
  <testcase name="checkExistence[http://ns.adobe.com/photoshop/1.0/ photoshop Instructions]" classname="org.apache.xmpbox.TestValidatePermitedMetadata" time="0.004"/>
  <testcase name="checkExistence[http://ns.adobe.com/photoshop/1.0/ photoshop Source]" classname="org.apache.xmpbox.TestValidatePermitedMetadata" time="0.011"/>
  <testcase name="checkExistence[http://ns.adobe.com/photoshop/1.0/ photoshop State]" classname="org.apache.xmpbox.TestValidatePermitedMetadata" time="0.008"/>
  <testcase name="checkExistence[http://ns.adobe.com/photoshop/1.0/ photoshop SupplementalCategories]" classname="org.apache.xmpbox.TestValidatePermitedMetadata" time="0.009"/>
  <testcase name="checkExistence[http://ns.adobe.com/photoshop/1.0/ photoshop TransmissionReference]" classname="org.apache.xmpbox.TestValidatePermitedMetadata" time="0.008"/>
  <testcase name="checkExistence[http://ns.adobe.com/photoshop/1.0/ photoshop Urgency]" classname="org.apache.xmpbox.TestValidatePermitedMetadata" time="0.008"/>
  <testcase name="checkExistence[http://ns.adobe.com/tiff/1.0/ tiff ImageWidth]" classname="org.apache.xmpbox.TestValidatePermitedMetadata" time="0.009"/>
  <testcase name="checkExistence[http://ns.adobe.com/tiff/1.0/ tiff ImageLength]" classname="org.apache.xmpbox.TestValidatePermitedMetadata" time="0.008"/>
  <testcase name="checkExistence[http://ns.adobe.com/tiff/1.0/ tiff BitsPerSample]" classname="org.apache.xmpbox.TestValidatePermitedMetadata" time="0.008"/>
  <testcase name="checkExistence[http://ns.adobe.com/tiff/1.0/ tiff Compression]" classname="org.apache.xmpbox.TestValidatePermitedMetadata" time="0.008"/>
  <testcase name="checkExistence[http://ns.adobe.com/tiff/1.0/ tiff PhotometricInterpretation]" classname="org.apache.xmpbox.TestValidatePermitedMetadata" time="0.008"/>
  <testcase name="checkExistence[http://ns.adobe.com/tiff/1.0/ tiff Orientation]" classname="org.apache.xmpbox.TestValidatePermitedMetadata" time="0.008"/>
  <testcase name="checkExistence[http://ns.adobe.com/tiff/1.0/ tiff SamplesPerPixel]" classname="org.apache.xmpbox.TestValidatePermitedMetadata" time="0.008"/>
  <testcase name="checkExistence[http://ns.adobe.com/tiff/1.0/ tiff PlanarConfiguration]" classname="org.apache.xmpbox.TestValidatePermitedMetadata" time="0.007"/>
  <testcase name="checkExistence[http://ns.adobe.com/tiff/1.0/ tiff YCbCrSubSampling]" classname="org.apache.xmpbox.TestValidatePermitedMetadata" time="0.007"/>
  <testcase name="checkExistence[http://ns.adobe.com/tiff/1.0/ tiff YCbCrPositioning]" classname="org.apache.xmpbox.TestValidatePermitedMetadata" time="0.008"/>
  <testcase name="checkExistence[http://ns.adobe.com/tiff/1.0/ tiff XResolution]" classname="org.apache.xmpbox.TestValidatePermitedMetadata" time="0.008"/>
  <testcase name="checkExistence[http://ns.adobe.com/tiff/1.0/ tiff YResolution]" classname="org.apache.xmpbox.TestValidatePermitedMetadata" time="0.008"/>
  <testcase name="checkExistence[http://ns.adobe.com/tiff/1.0/ tiff ResolutionUnit]" classname="org.apache.xmpbox.TestValidatePermitedMetadata" time="0.007"/>
  <testcase name="checkExistence[http://ns.adobe.com/tiff/1.0/ tiff TransferFunction]" classname="org.apache.xmpbox.TestValidatePermitedMetadata" time="0.008"/>
  <testcase name="checkExistence[http://ns.adobe.com/tiff/1.0/ tiff WhitePoint]" classname="org.apache.xmpbox.TestValidatePermitedMetadata" time="0.008"/>
  <testcase name="checkExistence[http://ns.adobe.com/tiff/1.0/ tiff PrimaryChromaticities]" classname="org.apache.xmpbox.TestValidatePermitedMetadata" time="0.009"/>
  <testcase name="checkExistence[http://ns.adobe.com/tiff/1.0/ tiff YCbCrCoefficients]" classname="org.apache.xmpbox.TestValidatePermitedMetadata" time="0.008"/>
  <testcase name="checkExistence[http://ns.adobe.com/tiff/1.0/ tiff ReferenceBlackWhite]" classname="org.apache.xmpbox.TestValidatePermitedMetadata" time="0.007"/>
  <testcase name="checkExistence[http://ns.adobe.com/tiff/1.0/ tiff DateTime]" classname="org.apache.xmpbox.TestValidatePermitedMetadata" time="0.008"/>
  <testcase name="checkExistence[http://ns.adobe.com/tiff/1.0/ tiff ImageDescription]" classname="org.apache.xmpbox.TestValidatePermitedMetadata" time="0.008"/>
  <testcase name="checkExistence[http://ns.adobe.com/tiff/1.0/ tiff Make]" classname="org.apache.xmpbox.TestValidatePermitedMetadata" time="0.008"/>
  <testcase name="checkExistence[http://ns.adobe.com/tiff/1.0/ tiff Model]" classname="org.apache.xmpbox.TestValidatePermitedMetadata" time="0.009"/>
  <testcase name="checkExistence[http://ns.adobe.com/tiff/1.0/ tiff Software]" classname="org.apache.xmpbox.TestValidatePermitedMetadata" time="0.008"/>
  <testcase name="checkExistence[http://ns.adobe.com/tiff/1.0/ tiff Artist]" classname="org.apache.xmpbox.TestValidatePermitedMetadata" time="0.008"/>
  <testcase name="checkExistence[http://ns.adobe.com/tiff/1.0/ tiff Copyright]" classname="org.apache.xmpbox.TestValidatePermitedMetadata" time="0.008"/>
  <testcase name="checkExistence[http://ns.adobe.com/exif/1.0/ exif ExifVersion]" classname="org.apache.xmpbox.TestValidatePermitedMetadata" time="0.008"/>
  <testcase name="checkExistence[http://ns.adobe.com/exif/1.0/ exif FlashpixVersion]" classname="org.apache.xmpbox.TestValidatePermitedMetadata" time="0.008"/>
  <testcase name="checkExistence[http://ns.adobe.com/exif/1.0/ exif ColorSpace]" classname="org.apache.xmpbox.TestValidatePermitedMetadata" time="0.007"/>
  <testcase name="checkExistence[http://ns.adobe.com/exif/1.0/ exif ComponentsConfiguration]" classname="org.apache.xmpbox.TestValidatePermitedMetadata" time="0.005"/>
  <testcase name="checkExistence[http://ns.adobe.com/exif/1.0/ exif CompressedBitsPerPixel]" classname="org.apache.xmpbox.TestValidatePermitedMetadata" time="0.004"/>
  <testcase name="checkExistence[http://ns.adobe.com/exif/1.0/ exif PixelXDimension]" classname="org.apache.xmpbox.TestValidatePermitedMetadata" time="0.004"/>
  <testcase name="checkExistence[http://ns.adobe.com/exif/1.0/ exif PixelYDimension]" classname="org.apache.xmpbox.TestValidatePermitedMetadata" time="0.004"/>
  <testcase name="checkExistence[http://ns.adobe.com/exif/1.0/ exif UserComment]" classname="org.apache.xmpbox.TestValidatePermitedMetadata" time="0.004"/>
  <testcase name="checkExistence[http://ns.adobe.com/exif/1.0/ exif RelatedSoundFile]" classname="org.apache.xmpbox.TestValidatePermitedMetadata" time="0.005"/>
  <testcase name="checkExistence[http://ns.adobe.com/exif/1.0/ exif DateTimeOriginal]" classname="org.apache.xmpbox.TestValidatePermitedMetadata" time="0.004"/>
  <testcase name="checkExistence[http://ns.adobe.com/exif/1.0/ exif DateTimeDigitized]" classname="org.apache.xmpbox.TestValidatePermitedMetadata" time="0.005"/>
  <testcase name="checkExistence[http://ns.adobe.com/exif/1.0/ exif ExposureTime]" classname="org.apache.xmpbox.TestValidatePermitedMetadata" time="0.004"/>
  <testcase name="checkExistence[http://ns.adobe.com/exif/1.0/ exif FNumber]" classname="org.apache.xmpbox.TestValidatePermitedMetadata" time="0.005"/>
  <testcase name="checkExistence[http://ns.adobe.com/exif/1.0/ exif ExposureProgram]" classname="org.apache.xmpbox.TestValidatePermitedMetadata" time="0.004"/>
  <testcase name="checkExistence[http://ns.adobe.com/exif/1.0/ exif SpectralSensitivity]" classname="org.apache.xmpbox.TestValidatePermitedMetadata" time="0.005"/>
  <testcase name="checkExistence[http://ns.adobe.com/exif/1.0/ exif ISOSpeedRatings]" classname="org.apache.xmpbox.TestValidatePermitedMetadata" time="0.005"/>
  <testcase name="checkExistence[http://ns.adobe.com/exif/1.0/ exif OECF]" classname="org.apache.xmpbox.TestValidatePermitedMetadata" time="0.005"/>
  <testcase name="checkExistence[http://ns.adobe.com/exif/1.0/ exif ShutterSpeedValue]" classname="org.apache.xmpbox.TestValidatePermitedMetadata" time="0.004"/>
  <testcase name="checkExistence[http://ns.adobe.com/exif/1.0/ exif ApertureValue]" classname="org.apache.xmpbox.TestValidatePermitedMetadata" time="0.005"/>
  <testcase name="checkExistence[http://ns.adobe.com/exif/1.0/ exif BrightnessValue]" classname="org.apache.xmpbox.TestValidatePermitedMetadata" time="0.004"/>
  <testcase name="checkExistence[http://ns.adobe.com/exif/1.0/ exif ExposureBiasValue]" classname="org.apache.xmpbox.TestValidatePermitedMetadata" time="0.005"/>
  <testcase name="checkExistence[http://ns.adobe.com/exif/1.0/ exif MaxApertureValue]" classname="org.apache.xmpbox.TestValidatePermitedMetadata" time="0.004"/>
  <testcase name="checkExistence[http://ns.adobe.com/exif/1.0/ exif SubjectDistance]" classname="org.apache.xmpbox.TestValidatePermitedMetadata" time="0.004"/>
  <testcase name="checkExistence[http://ns.adobe.com/exif/1.0/ exif MeteringMode]" classname="org.apache.xmpbox.TestValidatePermitedMetadata" time="0.005"/>
  <testcase name="checkExistence[http://ns.adobe.com/exif/1.0/ exif LightSource]" classname="org.apache.xmpbox.TestValidatePermitedMetadata" time="0.005"/>
  <testcase name="checkExistence[http://ns.adobe.com/exif/1.0/ exif FocalLength]" classname="org.apache.xmpbox.TestValidatePermitedMetadata" time="0.004"/>
  <testcase name="checkExistence[http://ns.adobe.com/exif/1.0/ exif SubjectArea]" classname="org.apache.xmpbox.TestValidatePermitedMetadata" time="0.004"/>
  <testcase name="checkExistence[http://ns.adobe.com/exif/1.0/ exif FlashEnergy]" classname="org.apache.xmpbox.TestValidatePermitedMetadata" time="0.005"/>
  <testcase name="checkExistence[http://ns.adobe.com/exif/1.0/ exif FocalPlaneXResolution]" classname="org.apache.xmpbox.TestValidatePermitedMetadata" time="0.004"/>
  <testcase name="checkExistence[http://ns.adobe.com/exif/1.0/ exif FocalPlaneYResolution]" classname="org.apache.xmpbox.TestValidatePermitedMetadata" time="0.005"/>
  <testcase name="checkExistence[http://ns.adobe.com/exif/1.0/ exif FocalPlaneResolutionUnit]" classname="org.apache.xmpbox.TestValidatePermitedMetadata" time="0.004"/>
  <testcase name="checkExistence[http://ns.adobe.com/exif/1.0/ exif SubjectLocation]" classname="org.apache.xmpbox.TestValidatePermitedMetadata" time="0.005"/>
  <testcase name="checkExistence[http://ns.adobe.com/exif/1.0/ exif ExposureIndex]" classname="org.apache.xmpbox.TestValidatePermitedMetadata" time="0.005"/>
  <testcase name="checkExistence[http://ns.adobe.com/exif/1.0/ exif SensingMethod]" classname="org.apache.xmpbox.TestValidatePermitedMetadata" time="0.011"/>
  <testcase name="checkExistence[http://ns.adobe.com/exif/1.0/ exif FileSource]" classname="org.apache.xmpbox.TestValidatePermitedMetadata" time="0.005"/>
  <testcase name="checkExistence[http://ns.adobe.com/exif/1.0/ exif SceneType]" classname="org.apache.xmpbox.TestValidatePermitedMetadata" time="0.004"/>
  <testcase name="checkExistence[http://ns.adobe.com/exif/1.0/ exif CustomRendered]" classname="org.apache.xmpbox.TestValidatePermitedMetadata" time="0.006"/>
  <testcase name="checkExistence[http://ns.adobe.com/exif/1.0/ exif ExposureMode]" classname="org.apache.xmpbox.TestValidatePermitedMetadata" time="0.005"/>
  <testcase name="checkExistence[http://ns.adobe.com/exif/1.0/ exif WhiteBalance]" classname="org.apache.xmpbox.TestValidatePermitedMetadata" time="0.004"/>
  <testcase name="checkExistence[http://ns.adobe.com/exif/1.0/ exif DigitalZoomRatio]" classname="org.apache.xmpbox.TestValidatePermitedMetadata" time="0.005"/>
  <testcase name="checkExistence[http://ns.adobe.com/exif/1.0/ exif FocalLengthIn35mmFilm]" classname="org.apache.xmpbox.TestValidatePermitedMetadata" time="0.005"/>
  <testcase name="checkExistence[http://ns.adobe.com/exif/1.0/ exif SceneCaptureType]" classname="org.apache.xmpbox.TestValidatePermitedMetadata" time="0.004"/>
  <testcase name="checkExistence[http://ns.adobe.com/exif/1.0/ exif GainControl]" classname="org.apache.xmpbox.TestValidatePermitedMetadata" time="0.004"/>
  <testcase name="checkExistence[http://ns.adobe.com/exif/1.0/ exif Contrast]" classname="org.apache.xmpbox.TestValidatePermitedMetadata" time="0.005"/>
  <testcase name="checkExistence[http://ns.adobe.com/exif/1.0/ exif Saturation]" classname="org.apache.xmpbox.TestValidatePermitedMetadata" time="0.005"/>
  <testcase name="checkExistence[http://ns.adobe.com/exif/1.0/ exif Sharpness]" classname="org.apache.xmpbox.TestValidatePermitedMetadata" time="0.004"/>
  <testcase name="checkExistence[http://ns.adobe.com/exif/1.0/ exif SubjectDistanceRange]" classname="org.apache.xmpbox.TestValidatePermitedMetadata" time="0.005"/>
  <testcase name="checkExistence[http://ns.adobe.com/exif/1.0/ exif ImageUniqueID]" classname="org.apache.xmpbox.TestValidatePermitedMetadata" time="0.005"/>
  <testcase name="checkExistence[http://ns.adobe.com/exif/1.0/ exif GPSVersionID]" classname="org.apache.xmpbox.TestValidatePermitedMetadata" time="0.005"/>
  <testcase name="checkExistence[http://ns.adobe.com/exif/1.0/ exif GPSAltitudeRef]" classname="org.apache.xmpbox.TestValidatePermitedMetadata" time="0.006"/>
  <testcase name="checkExistence[http://ns.adobe.com/exif/1.0/ exif GPSAltitude]" classname="org.apache.xmpbox.TestValidatePermitedMetadata" time="0.005"/>
  <testcase name="checkExistence[http://ns.adobe.com/exif/1.0/ exif GPSTimeStamp]" classname="org.apache.xmpbox.TestValidatePermitedMetadata" time="0.005"/>
  <testcase name="checkExistence[http://ns.adobe.com/exif/1.0/ exif GPSSatellites]" classname="org.apache.xmpbox.TestValidatePermitedMetadata" time="0.005"/>
  <testcase name="checkExistence[http://ns.adobe.com/exif/1.0/ exif GPSStatus]" classname="org.apache.xmpbox.TestValidatePermitedMetadata" time="0.005"/>
  <testcase name="checkExistence[http://ns.adobe.com/exif/1.0/ exif GPSMeasureMode]" classname="org.apache.xmpbox.TestValidatePermitedMetadata" time="0.005"/>
  <testcase name="checkExistence[http://ns.adobe.com/exif/1.0/ exif GPSDOP]" classname="org.apache.xmpbox.TestValidatePermitedMetadata" time="0.005"/>
  <testcase name="checkExistence[http://ns.adobe.com/exif/1.0/ exif GPSSpeedRef]" classname="org.apache.xmpbox.TestValidatePermitedMetadata" time="0.005"/>
  <testcase name="checkExistence[http://ns.adobe.com/exif/1.0/ exif GPSSpeed]" classname="org.apache.xmpbox.TestValidatePermitedMetadata" time="0.005"/>
  <testcase name="checkExistence[http://ns.adobe.com/exif/1.0/ exif GPSTrackRef]" classname="org.apache.xmpbox.TestValidatePermitedMetadata" time="0.005"/>
  <testcase name="checkExistence[http://ns.adobe.com/exif/1.0/ exif GPSTrack]" classname="org.apache.xmpbox.TestValidatePermitedMetadata" time="0.005"/>
  <testcase name="checkExistence[http://ns.adobe.com/exif/1.0/ exif GPSImgDirectionRef]" classname="org.apache.xmpbox.TestValidatePermitedMetadata" time="0.005"/>
  <testcase name="checkExistence[http://ns.adobe.com/exif/1.0/ exif GPSImgDirection]" classname="org.apache.xmpbox.TestValidatePermitedMetadata" time="0.005"/>
  <testcase name="checkExistence[http://ns.adobe.com/exif/1.0/ exif GPSMapDatum]" classname="org.apache.xmpbox.TestValidatePermitedMetadata" time="0.005"/>
  <testcase name="checkExistence[http://ns.adobe.com/exif/1.0/ exif GPSDestBearingRef]" classname="org.apache.xmpbox.TestValidatePermitedMetadata" time="0.006"/>
  <testcase name="checkExistence[http://ns.adobe.com/exif/1.0/ exif GPSDestBearing]" classname="org.apache.xmpbox.TestValidatePermitedMetadata" time="0.006"/>
  <testcase name="checkExistence[http://ns.adobe.com/exif/1.0/ exif GPSDestDistanceRef]" classname="org.apache.xmpbox.TestValidatePermitedMetadata" time="0.005"/>
  <testcase name="checkExistence[http://ns.adobe.com/exif/1.0/ exif GPSDestDistance]" classname="org.apache.xmpbox.TestValidatePermitedMetadata" time="0.006"/>
  <testcase name="checkExistence[http://ns.adobe.com/exif/1.0/ exif GPSProcessingMethod]" classname="org.apache.xmpbox.TestValidatePermitedMetadata" time="0.005"/>
  <testcase name="checkExistence[http://ns.adobe.com/exif/1.0/ exif GPSAreaInformation]" classname="org.apache.xmpbox.TestValidatePermitedMetadata" time="0.005"/>
  <testcase name="checkExistence[http://ns.adobe.com/exif/1.0/ exif GPSDifferential]" classname="org.apache.xmpbox.TestValidatePermitedMetadata" time="0.006"/>
  <testcase name="checkExistence[http://ns.adobe.com/exif/1.0/ exif SpatialFrequencyResponse]" classname="org.apache.xmpbox.TestValidatePermitedMetadata" time="0.005"/>
  <testcase name="checkExistence[http://ns.adobe.com/exif/1.0/ exif CFAPattern]" classname="org.apache.xmpbox.TestValidatePermitedMetadata" time="0.005"/>
  <testcase name="checkExistence[http://ns.adobe.com/exif/1.0/ exif DeviceSettingDescription]" classname="org.apache.xmpbox.TestValidatePermitedMetadata" time="0.006"/>
  <testcase name="checkExistence[http://ns.adobe.com/exif/1.0/ exif Flash]" classname="org.apache.xmpbox.TestValidatePermitedMetadata" time="0.005"/>
  <testcase name="checkExistence[http://ns.adobe.com/exif/1.0/ exif GPSLatitude]" classname="org.apache.xmpbox.TestValidatePermitedMetadata" time="0.005"/>
  <testcase name="checkExistence[http://ns.adobe.com/exif/1.0/ exif GPSLongitude]" classname="org.apache.xmpbox.TestValidatePermitedMetadata" time="0.005"/>
  <testcase name="checkExistence[http://ns.adobe.com/exif/1.0/ exif GPSDestLatitude]" classname="org.apache.xmpbox.TestValidatePermitedMetadata" time="0.005"/>
  <testcase name="checkExistence[http://ns.adobe.com/exif/1.0/ exif GPSDestLongitude]" classname="org.apache.xmpbox.TestValidatePermitedMetadata" time="0.005"/>
</testsuite>